This is pdfTeX, Version 3.1415926-2.5-1.40.14 (TeX Live 2013/Debian) (format=latex 2015.8.6)  14 SEP 2015 12:52
entering extended mode
 restricted \write18 enabled.
 %&-line parsing enabled.
**TP_1/tp_1.tex
(./tp_1.tex
LaTeX2e <2011/06/27>
Babel <3.9h> and hyphenation patterns for 5 languages loaded.
(/usr/share/texlive/texmf-dist/tex/latex/base/article.cls
Document Class: article 2007/10/19 v1.4h Standard LaTeX document class
(/usr/share/texlive/texmf-dist/tex/latex/base/size10.clo
File: size10.clo 2007/10/19 v1.4h Standard LaTeX file (size option)
)
\c@part=\count79
\c@section=\count80
\c@subsection=\count81
\c@subsubsection=\count82
\c@paragraph=\count83
\c@subparagraph=\count84
\c@figure=\count85
\c@table=\count86
\abovecaptionskip=\skip41
\belowcaptionskip=\skip42
\bibindent=\dimen102
)
(/usr/share/texlive/texmf-dist/tex/latex/tools/verbatim.sty
Package: verbatim 2003/08/22 v1.5q LaTeX2e package for verbatim enhancements
\every@verbatim=\toks14
\verbatim@line=\toks15
\verbatim@in@stream=\read1
)
No file tp_1.aux.
\openout1 = `tp_1.aux'.

LaTeX Font Info:    Checking defaults for OML/cmm/m/it on input line 3.
LaTeX Font Info:    ... okay on input line 3.
LaTeX Font Info:    Checking defaults for T1/cmr/m/n on input line 3.
LaTeX Font Info:    ... okay on input line 3.
LaTeX Font Info:    Checking defaults for OT1/cmr/m/n on input line 3.
LaTeX Font Info:    ... okay on input line 3.
LaTeX Font Info:    Checking defaults for OMS/cmsy/m/n on input line 3.
LaTeX Font Info:    ... okay on input line 3.
LaTeX Font Info:    Checking defaults for OMX/cmex/m/n on input line 3.
LaTeX Font Info:    ... okay on input line 3.
LaTeX Font Info:    Checking defaults for U/cmr/m/n on input line 3.
LaTeX Font Info:    ... okay on input line 3.

Overfull \hbox (22.4968pt too wide) in paragraph at lines 27--27
[]      \OT1/cmtt/m/n/10 pid1=fork()        pid1=fork()          pid1=fork()  p
id1=fork()[] 
 []


Overfull \hbox (22.4968pt too wide) in paragraph at lines 28--28
[]        \OT1/cmtt/m/n/10 /      \           |       |            |      |    
 |       |[] 
 []


Overfull \hbox (32.9967pt too wide) in paragraph at lines 29--29
[]\OT1/cmtt/m/n/10 pid2=fork() pid2=fork() pid2=fork  pid2=fork() pid2   pid2  
pid2    pid2[] 
 []


Overfull \hbox (32.9967pt too wide) in paragraph at lines 30--30
[] \OT1/cmtt/m/n/10 |       |    |     |      |           |       |  |   |  |  
|  |    |  |[] 
 []


Overfull \hbox (32.9967pt too wide) in paragraph at lines 31--31
[] \OT1/cmtt/m/n/10 1       1    x     x      x           x       1  1   x  x  
1  1    x  x[] 
 []


Overfull \hbox (32.9967pt too wide) in paragraph at lines 32--32
[] \OT1/cmtt/m/n/10 x       2    x     2      x           2       x  2   x  2  
x  2    x  2[] 
 []


Underfull \hbox (badness 10000) in paragraph at lines 35--37

 []

[1

] (./tp_1.aux) ) 
Here is how much of TeX's memory you used:
 232 strings out of 494967
 2664 string characters out of 6179586
 56610 words of memory out of 5000000
 3533 multiletter control sequences out of 15000+600000
 3808 words of font info for 15 fonts, out of 8000000 for 9000
 40 hyphenation exceptions out of 8191
 23i,4n,17p,161b,136s stack positions out of 5000i,500n,10000p,200000b,80000s

Output written on tp_1.dvi (1 page, 1636 bytes).
